<?xml version="1.0" encoding="UTF-8"?>
<!-- Generated by org.testng.reporters.JUnitReportReporter -->
<testsuite hostname="Amooraj" failures="0" tests="3" name="testngPackage.MultipleWebsite" time="26.042" errors="0" timestamp="2022-05-14T13:29:16 EDT" skipped="0">
  <testcase classname="testngPackage.MultipleWebsite" name="openingYahooSite" time="7.594"/>
  <system-out/>
  <testcase classname="testngPackage.MultipleWebsite" name="openingAmazonSite" time="12.451"/>
  <system-out/>
  <testcase classname="testngPackage.MultipleWebsite" name="openingCNNSite" time="5.997"/>
  <system-out/>
</testsuite> <!-- testngPackage.MultipleWebsite -->
