<?xml version="1.0" encoding="UTF-8"?>
<!-- Generated by org.testng.reporters.JUnitReportReporter -->
<testsuite hostname="Amooraj" failures="0" tests="3" name="testngPackage.DependencyClass" time="28.109" errors="0" timestamp="2022-05-14T14:35:59 EDT" skipped="0">
  <testcase classname="testngPackage.DependencyClass" name="openingCNNSite" time="9.381"/>
  <system-out/>
  <testcase classname="testngPackage.DependencyClass" name="openingAmazonSite" time="10.504"/>
  <system-out/>
  <testcase classname="testngPackage.DependencyClass" name="openingYahooSite" time="8.224"/>
  <system-out/>
</testsuite> <!-- testngPackage.DependencyClass -->
