<?xml version="1.0" encoding="UTF-8"?>
<!-- Generated by org.testng.reporters.JUnitReportReporter -->
<testsuite hostname="Amooraj" failures="0" tests="3" name="testngPackage.DataProviderClass" time="23.113" errors="0" timestamp="2022-05-15T13:27:26 EDT" skipped="0">
  <testcase classname="testngPackage.DataProviderClass" name="checking" time="8.193"/>
  <system-out/>
  <testcase classname="testngPackage.DataProviderClass" name="checking" time="6.080"/>
  <system-out/>
  <testcase classname="testngPackage.DataProviderClass" name="checking" time="8.840"/>
  <system-out/>
</testsuite> <!-- testngPackage.DataProviderClass -->
