<?xml version="1.0" encoding="UTF-8"?>
<!-- Generated by org.testng.reporters.JUnitReportReporter -->
<testsuite hostname="Amooraj" failures="0" tests="1" name="EcommerceProject.EcommerceProjectWithTestng" time="6.570" errors="0" timestamp="2022-05-25T22:52:24 EDT" skipped="0">
  <testcase classname="EcommerceProject.EcommerceProjectWithTestng" name="websiteRegistration" time="6.570"/>
  <system-out/>
</testsuite> <!-- EcommerceProject.EcommerceProjectWithTestng -->
