<?xml version="1.0" encoding="UTF-8"?>
<!-- Generated by org.testng.reporters.JUnitReportReporter -->
<testsuite hostname="Amooraj" failures="0" tests="1" name="testngPackage.Reportclass" time="0.688" errors="0" timestamp="2022-06-12T13:04:40 EDT" skipped="0">
  <testcase classname="testngPackage.Reportclass" name="loginTest" time="0.688"/>
  <system-out/>
</testsuite> <!-- testngPackage.Reportclass -->
