<?xml version="1.0" encoding="UTF-8"?>
<!-- Generated by org.testng.reporters.JUnitReportReporter -->
<testsuite hostname="Amooraj" failures="0" tests="3" name="testngPackage.SuiteClass" time="0.026" errors="0" timestamp="2022-05-28T14:25:53 EDT" skipped="0">
  <testcase classname="testngPackage.SuiteClass" name="enterData" time="0.014"/>
  <system-out/>
  <testcase classname="testngPackage.SuiteClass" name="pressLogin" time="0.002"/>
  <system-out/>
  <testcase classname="testngPackage.SuiteClass" name="openWebsite" time="0.010"/>
  <system-out/>
</testsuite> <!-- testngPackage.SuiteClass -->
