<?xml version="1.0" encoding="UTF-8"?>
<!-- Generated by org.testng.reporters.JUnitReportReporter -->
<testsuite hostname="Amooraj" failures="0" tests="3" name="testngPackage.PiorityTest" time="26.513" errors="0" timestamp="2022-05-14T13:36:29 EDT" skipped="0">
  <testcase classname="testngPackage.PiorityTest" name="openingYahooSite" time="9.786"/>
  <system-out/>
  <testcase classname="testngPackage.PiorityTest" name="openingAmazonSite" time="6.877"/>
  <system-out/>
  <testcase classname="testngPackage.PiorityTest" name="openingCNNSite" time="9.850"/>
  <system-out/>
</testsuite> <!-- testngPackage.PiorityTest -->
