<?xml version="1.0" encoding="UTF-8"?>
<!-- Generated by org.testng.reporters.JUnitReportReporter -->
<testsuite hostname="Amooraj" failures="0" tests="1" name="testngPackage.AnnotationClass" time="0.001" errors="0" timestamp="2022-06-04T16:33:00 EDT" skipped="0">
  <testcase classname="testngPackage.AnnotationClass" name="f" time="0.001"/>
  <system-out/>
</testsuite> <!-- testngPackage.AnnotationClass -->
