<?xml version="1.0" encoding="UTF-8"?>
<!-- Generated by org.testng.reporters.JUnitReportReporter -->
<testsuite hostname="Amooraj" failures="0" tests="3" name="testngPackage.Skipclass" time="0.019" errors="0" timestamp="2022-05-28T14:08:05 EDT" skipped="2">
  <testcase classname="testngPackage.Skipclass" name="foo" time="0.016"/>
  <system-out/>
  <testcase classname="testngPackage.Skipclass" name="test2" time="0.003">
    <skipped/>
  </testcase> <!-- test2 -->
  <system-out/>
  <testcase classname="testngPackage.Skipclass" name="bar">
    <skipped/>
  </testcase> <!-- bar -->
  <system-out/>
</testsuite> <!-- testngPackage.Skipclass -->
