<?xml version="1.0" encoding="UTF-8"?>
<!-- Generated by org.testng.reporters.JUnitReportReporter -->
<testsuite hostname="Amooraj" failures="0" tests="3" name="testngPackage.IExecution01" time="0.037" errors="0" timestamp="2022-06-04T16:33:00 EDT" skipped="1">
  <testcase classname="testngPackage.IExecution01" name="test3" time="0.014"/>
  <system-out/>
  <testcase classname="testngPackage.IExecution01" name="test2" time="0.006">
    <skipped/>
  </testcase> <!-- test2 -->
  <system-out/>
  <testcase classname="testngPackage.IExecution01" name="test1" time="0.017"/>
  <system-out/>
</testsuite> <!-- testngPackage.IExecution01 -->
